# JRE version: OpenJDK Runtime Environment (11.0.12+7) (build 11.0.12+7-b1504.28-7817840)
# Java VM: OpenJDK 64-Bit Server VM (11.0.12+7-b1504.28-7817840, mixed mode, tiered, compressed oops, g1 gc, windows-amd64)
Heap:
 garbage-first heap   total 236544K, used 148953K [0x0000000080000000, 0x0000000100000000)
  region size 1024K, 44 young (45056K), 6 survivors (6144K)
 Metaspace       used 96187K, capacity 98460K, committed 98636K, reserved 1134592K
  class space    used 12035K, capacity 12862K, committed 12928K, reserved 1048576K
GC Heap History (20 events):
Event: 34.690 GC heap before
{Heap before GC invocations=21 (full 0):
 garbage-first heap   total 196608K, used 162169K [0x0000000080000000, 0x0000000100000000)
  region size 1024K, 32 young (32768K), 5 survivors (5120K)
 Metaspace       used 89983K, capacity 92107K, committed 92236K, reserved 1128448K
  class space    used 11534K, capacity 12355K, committed 12416K, reserved 1048576K
}
Event: 34.705 GC heap after
{Heap after GC invocations=22 (full 0):
 garbage-first heap   total 196608K, used 132019K [0x0000000080000000, 0x0000000100000000)
  region size 1024K, 3 young (3072K), 3 survivors (3072K)
 Metaspace       used 89983K, capacity 92107K, committed 92236K, reserved 1128448K
  class space    used 11534K, capacity 12355K, committed 12416K, reserved 1048576K
}
Event: 34.969 GC heap before
{Heap before GC invocations=22 (full 0):
 garbage-first heap   total 196608K, used 157619K [0x0000000080000000, 0x0000000100000000)
  region size 1024K, 30 young (30720K), 3 survivors (3072K)
 Metaspace       used 90030K, capacity 92235K, committed 92492K, reserved 1130496K
  class space    used 11535K, capacity 12355K, committed 12416K, reserved 1048576K
}
Event: 34.975 GC heap after
{Heap after GC invocations=23 (full 0):
 garbage-first heap   total 196608K, used 133069K [0x0000000080000000, 0x0000000100000000)
  region size 1024K, 2 young (2048K), 2 survivors (2048K)
 Metaspace       used 90030K, capacity 92235K, committed 92492K, reserved 1130496K
  class space    used 11535K, capacity 12355K, committed 12416K, reserved 1048576K
}
Event: 35.466 GC heap before
{Heap before GC invocations=24 (full 0):
 garbage-first heap   total 196608K, used 161741K [0x0000000080000000, 0x0000000100000000)
  region size 1024K, 30 young (30720K), 2 survivors (2048K)
 Metaspace       used 90072K, capacity 92296K, committed 92492K, reserved 1130496K
  class space    used 11535K, capacity 12354K, committed 12416K, reserved 1048576K
}
Event: 35.470 GC heap after
{Heap after GC invocations=25 (full 0):
 garbage-first heap   total 196608K, used 134644K [0x0000000080000000, 0x0000000100000000)
  region size 1024K, 2 young (2048K), 2 survivors (2048K)
 Metaspace       used 90072K, capacity 92296K, committed 92492K, reserved 1130496K
  class space    used 11535K, capacity 12354K, committed 12416K, reserved 1048576K
}
Event: 35.546 GC heap before
{Heap before GC invocations=25 (full 0):
 garbage-first heap   total 196608K, used 141812K [0x0000000080000000, 0x0000000100000000)
  region size 1024K, 10 young (10240K), 2 survivors (2048K)
 Metaspace       used 90079K, capacity 92296K, committed 92492K, reserved 1130496K
  class space    used 11535K, capacity 12354K, committed 12416K, reserved 1048576K
}
Event: 35.555 GC heap after
{Heap after GC invocations=26 (full 0):
 garbage-first heap   total 196608K, used 134564K [0x0000000080000000, 0x0000000100000000)
  region size 1024K, 2 young (2048K), 2 survivors (2048K)
 Metaspace       used 90079K, capacity 92296K, committed 92492K, reserved 1130496K
  class space    used 11535K, capacity 12354K, committed 12416K, reserved 1048576K
}
Event: 36.025 GC heap before
{Heap before GC invocations=26 (full 0):
 garbage-first heap   total 196608K, used 151972K [0x0000000080000000, 0x0000000100000000)
  region size 1024K, 25 young (25600K), 2 survivors (2048K)
 Metaspace       used 90102K, capacity 92296K, committed 92492K, reserved 1130496K
  class space    used 11535K, capacity 12354K, committed 12416K, reserved 1048576K
}
Event: 36.031 GC heap after
{Heap after GC invocations=27 (full 0):
 garbage-first heap   total 196608K, used 129659K [0x0000000080000000, 0x0000000100000000)
  region size 1024K, 2 young (2048K), 2 survivors (2048K)
 Metaspace       used 90102K, capacity 92296K, committed 92492K, reserved 1130496K
  class space    used 11535K, capacity 12354K, committed 12416K, reserved 1048576K
}
Event: 36.105 GC heap before
{Heap before GC invocations=28 (full 0):
 garbage-first heap   total 196608K, used 136827K [0x0000000080000000, 0x0000000100000000)
  region size 1024K, 10 young (10240K), 2 survivors (2048K)
 Metaspace       used 90106K, capacity 92296K, committed 92492K, reserved 1130496K
  class space    used 11535K, capacity 12354K, committed 12416K, reserved 1048576K
}
Event: 36.108 GC heap after
{Heap after GC invocations=29 (full 0):
 garbage-first heap   total 196608K, used 127490K [0x0000000080000000, 0x0000000100000000)
  region size 1024K, 2 young (2048K), 2 survivors (2048K)
 Metaspace       used 90106K, capacity 92296K, committed 92492K, reserved 1130496K
  class space    used 11535K, capacity 12354K, committed 12416K, reserved 1048576K
}
Event: 36.592 GC heap before
{Heap before GC invocations=30 (full 0):
 garbage-first heap   total 196608K, used 157186K [0x0000000080000000, 0x0000000100000000)
  region size 1024K, 26 young (26624K), 2 survivors (2048K)
 Metaspace       used 90163K, capacity 92306K, committed 92492K, reserved 1130496K
  class space    used 11540K, capacity 12356K, committed 12416K, reserved 1048576K
}
Event: 36.598 GC heap after
{Heap after GC invocations=31 (full 0):
 garbage-first heap   total 196608K, used 131469K [0x0000000080000000, 0x0000000100000000)
  region size 1024K, 2 young (2048K), 2 survivors (2048K)
 Metaspace       used 90163K, capacity 92306K, committed 92492K, reserved 1130496K
  class space    used 11540K, capacity 12356K, committed 12416K, reserved 1048576K
}
Event: 36.873 GC heap before
{Heap before GC invocations=31 (full 0):
 garbage-first heap   total 196608K, used 136589K [0x0000000080000000, 0x0000000100000000)
  region size 1024K, 9 young (9216K), 2 survivors (2048K)
 Metaspace       used 90194K, capacity 92370K, committed 92492K, reserved 1130496K
  class space    used 11540K, capacity 12356K, committed 12416K, reserved 1048576K
}
Event: 36.890 GC heap after
{Heap after GC invocations=32 (full 0):
 garbage-first heap   total 196608K, used 120497K [0x0000000080000000, 0x0000000100000000)
  region size 1024K, 4 young (4096K), 4 survivors (4096K)
 Metaspace       used 90194K, capacity 92370K, committed 92492K, reserved 1130496K
  class space    used 11540K, capacity 12356K, committed 12416K, reserved 1048576K
}
Event: 38.170 GC heap before
{Heap before GC invocations=33 (full 0):
 garbage-first heap   total 196608K, used 140977K [0x0000000080000000, 0x0000000100000000)
  region size 1024K, 29 young (29696K), 4 survivors (4096K)
 Metaspace       used 92634K, capacity 94846K, committed 94924K, reserved 1132544K
  class space    used 11740K, capacity 12543K, committed 12544K, reserved 1048576K
}
Event: 38.194 GC heap after
{Heap after GC invocations=34 (full 0):
 garbage-first heap   total 236544K, used 104495K [0x0000000080000000, 0x0000000100000000)
  region size 1024K, 4 young (4096K), 4 survivors (4096K)
 Metaspace       used 92634K, capacity 94846K, committed 94924K, reserved 1132544K
  class space    used 11740K, capacity 12543K, committed 12544K, reserved 1048576K
}
Event: 39.315 GC heap before
{Heap before GC invocations=34 (full 0):
 garbage-first heap   total 236544K, used 148527K [0x0000000080000000, 0x0000000100000000)
  region size 1024K, 48 young (49152K), 4 survivors (4096K)
 Metaspace       used 95737K, capacity 97984K, committed 98124K, reserved 1134592K
  class space    used 12017K, capacity 12852K, committed 12928K, reserved 1048576K
}
Event: 39.337 GC heap after
{Heap after GC invocations=35 (full 0):
 garbage-first heap   total 236544K, used 112089K [0x0000000080000000, 0x0000000100000000)
  region size 1024K, 6 young (6144K), 6 survivors (6144K)
 Metaspace       used 95737K, capacity 97984K, committed 98124K, reserved 1134592K
  class space    used 12017K, capacity 12852K, committed 12928K, reserved 1048576K
}

