# JRE version: OpenJDK Runtime Environment (11.0.12+7) (build 11.0.12+7-b1504.28-7817840)
# Java VM: OpenJDK 64-Bit Server VM (11.0.12+7-b1504.28-7817840, mixed mode, tiered, compressed oops, g1 gc, windows-amd64)
Heap:
 garbage-first heap   total 157696K, used 111711K [0x0000000080000000, 0x0000000100000000)
  region size 1024K, 77 young (78848K), 3 survivors (3072K)
 Metaspace       used 40266K, capacity 41418K, committed 41472K, reserved 1085440K
  class space    used 5216K, capacity 5608K, committed 5632K, reserved 1048576K
GC Heap History (15 events):
Event: 0.851 GC heap before
{Heap before GC invocations=0 (full 0):
 garbage-first heap   total 131072K, used 20480K [0x0000000080000000, 0x0000000100000000)
  region size 1024K, 14 young (14336K), 0 survivors (0K)
 Metaspace       used 6745K, capacity 6929K, committed 7168K, reserved 1056768K
  class space    used 582K, capacity 650K, committed 768K, reserved 1048576K
}
Event: 0.857 GC heap after
{Heap after GC invocations=1 (full 0):
 garbage-first heap   total 131072K, used 7839K [0x0000000080000000, 0x0000000100000000)
  region size 1024K, 2 young (2048K), 2 survivors (2048K)
 Metaspace       used 6745K, capacity 6929K, committed 7168K, reserved 1056768K
  class space    used 582K, capacity 650K, committed 768K, reserved 1048576K
}
Event: 1.111 GC heap before
{Heap before GC invocations=1 (full 0):
 garbage-first heap   total 131072K, used 13983K [0x0000000080000000, 0x0000000100000000)
  region size 1024K, 8 young (8192K), 2 survivors (2048K)
 Metaspace       used 9112K, capacity 9349K, committed 9472K, reserved 1058816K
  class space    used 900K, capacity 972K, committed 1024K, reserved 1048576K
}
Event: 1.116 GC heap after
{Heap after GC invocations=2 (full 0):
 garbage-first heap   total 131072K, used 8798K [0x0000000080000000, 0x0000000100000000)
  region size 1024K, 1 young (1024K), 1 survivors (1024K)
 Metaspace       used 9112K, capacity 9349K, committed 9472K, reserved 1058816K
  class space    used 900K, capacity 972K, committed 1024K, reserved 1048576K
}
Event: 1.944 GC heap before
{Heap before GC invocations=2 (full 0):
 garbage-first heap   total 131072K, used 32350K [0x0000000080000000, 0x0000000100000000)
  region size 1024K, 25 young (25600K), 1 survivors (1024K)
 Metaspace       used 10803K, capacity 11013K, committed 11264K, reserved 1058816K
  class space    used 1129K, capacity 1207K, committed 1280K, reserved 1048576K
}
Event: 1.947 GC heap after
{Heap after GC invocations=3 (full 0):
 garbage-first heap   total 131072K, used 9600K [0x0000000080000000, 0x0000000100000000)
  region size 1024K, 2 young (2048K), 2 survivors (2048K)
 Metaspace       used 10803K, capacity 11013K, committed 11264K, reserved 1058816K
  class space    used 1129K, capacity 1207K, committed 1280K, reserved 1048576K
}
Event: 2.982 GC heap before
{Heap before GC invocations=3 (full 0):
 garbage-first heap   total 131072K, used 47488K [0x0000000080000000, 0x0000000100000000)
  region size 1024K, 38 young (38912K), 2 survivors (2048K)
 Metaspace       used 14087K, capacity 14429K, committed 14592K, reserved 1062912K
  class space    used 1577K, capacity 1686K, committed 1792K, reserved 1048576K
}
Event: 2.991 GC heap after
{Heap after GC invocations=4 (full 0):
 garbage-first heap   total 131072K, used 15252K [0x0000000080000000, 0x0000000100000000)
  region size 1024K, 5 young (5120K), 5 survivors (5120K)
 Metaspace       used 14087K, capacity 14429K, committed 14592K, reserved 1062912K
  class space    used 1577K, capacity 1686K, committed 1792K, reserved 1048576K
}
Event: 4.429 GC heap before
{Heap before GC invocations=4 (full 0):
 garbage-first heap   total 131072K, used 58260K [0x0000000080000000, 0x0000000100000000)
  region size 1024K, 49 young (50176K), 5 survivors (5120K)
 Metaspace       used 20742K, capacity 21156K, committed 21248K, reserved 1067008K
  class space    used 2549K, capacity 2727K, committed 2816K, reserved 1048576K
}
Event: 4.443 GC heap after
{Heap after GC invocations=5 (full 0):
 garbage-first heap   total 131072K, used 17294K [0x0000000080000000, 0x0000000100000000)
  region size 1024K, 3 young (3072K), 3 survivors (3072K)
 Metaspace       used 20742K, capacity 21156K, committed 21248K, reserved 1067008K
  class space    used 2549K, capacity 2727K, committed 2816K, reserved 1048576K
}
Event: 5.718 GC heap before
{Heap before GC invocations=6 (full 0):
 garbage-first heap   total 131072K, used 71566K [0x0000000080000000, 0x0000000100000000)
  region size 1024K, 56 young (57344K), 3 survivors (3072K)
 Metaspace       used 26476K, capacity 27068K, committed 27264K, reserved 1073152K
  class space    used 3431K, capacity 3639K, committed 3712K, reserved 1048576K
}
Event: 5.731 GC heap after
{Heap after GC invocations=7 (full 0):
 garbage-first heap   total 157696K, used 19118K [0x0000000080000000, 0x0000000100000000)
  region size 1024K, 4 young (4096K), 4 survivors (4096K)
 Metaspace       used 26476K, capacity 27068K, committed 27264K, reserved 1073152K
  class space    used 3431K, capacity 3639K, committed 3712K, reserved 1048576K
}
Event: 67.178 GC heap before
{Heap before GC invocations=7 (full 0):
 garbage-first heap   total 157696K, used 118446K [0x0000000080000000, 0x0000000100000000)
  region size 1024K, 87 young (89088K), 4 survivors (4096K)
 Metaspace       used 34795K, capacity 35744K, committed 35840K, reserved 1079296K
  class space    used 4687K, capacity 5040K, committed 5120K, reserved 1048576K
}
Event: 67.198 GC heap after
{Heap after GC invocations=8 (full 0):
 garbage-first heap   total 157696K, used 35935K [0x0000000080000000, 0x0000000100000000)
  region size 1024K, 11 young (11264K), 11 survivors (11264K)
 Metaspace       used 34795K, capacity 35744K, committed 35840K, reserved 1079296K
  class space    used 4687K, capacity 5040K, committed 5120K, reserved 1048576K
}
Event: 69.098 GC heap before
{Heap before GC invocations=9 (full 0):
 garbage-first heap   total 157696K, used 110687K [0x0000000080000000, 0x0000000100000000)
  region size 1024K, 85 young (87040K), 11 survivors (11264K)
 Metaspace       used 40266K, capacity 41418K, committed 41472K, reserved 1085440K
  class space    used 5216K, capacity 5608K, committed 5632K, reserved 1048576K
}

